Using pre-set license
Built from '2020.3/staging' branch; Version is '2020.3.0f1 (c7b5465681fb) revision 13088070'; Using compiler version '192528614'; Build Type 'Release'
OS: 'Windows 10 Pro; OS build 19041.804; Version 2004; 64bit' Language: 'ru' Physical Memory: 6072 MB
BatchMode: 1, IsHumanControllingUs: 0, StartBugReporterOnCrash: 0, Is64bit: 1, IsPro: 0

 COMMAND LINE ARGUMENTS:
C:\Program Files\Unity\Hub\Editor\2020.3.0f1\Editor\Unity.exe
-adb2
-batchMode
-noUpm
-name
AssetImportWorker0
-projectPath
C:/Users/KolL/Documents/GitHub/DungeonCrawl/DC/DC
-logFile
Logs/AssetImportWorker0.log
-srvPort
2321
Successfully changed project path to: C:/Users/KolL/Documents/GitHub/DungeonCrawl/DC/DC
C:/Users/KolL/Documents/GitHub/DungeonCrawl/DC/DC
Using Asset Import Pipeline V2.
Refreshing native plugins compatible for Editor in 65.99 ms, found 1 plugins.
Preloading 0 native plugins for Editor in 0.00 ms.
Initialize engine version: 2020.3.0f1 (c7b5465681fb)
[Subsystems] Discovering subsystems at path C:/Program Files/Unity/Hub/Editor/2020.3.0f1/Editor/Data/Resources/UnitySubsystems
[Subsystems] Discovering subsystems at path C:/Users/KolL/Documents/GitHub/DungeonCrawl/DC/DC/Assets
GfxDevice: creating device client; threaded=0
Direct3D:
    Version:  Direct3D 11.0 [level 11.1]
    Renderer: AMD Radeon(TM) RX Vega 11 Graphics (ID=0x15d8)
    Vendor:   
    VRAM:     3036 MB
    Driver:   27.20.12033.2007
Initialize mono
Mono path[0] = 'C:/Program Files/Unity/Hub/Editor/2020.3.0f1/Editor/Data/Managed'
Mono path[1] = 'C:/Program Files/Unity/Hub/Editor/2020.3.0f1/Editor/Data/MonoBleedingEdge/lib/mono/unityjit'
Mono config path = 'C:/Program Files/Unity/Hub/Editor/2020.3.0f1/Editor/Data/MonoBleedingEdge/etc'
Using monoOptions --debugger-agent=transport=dt_socket,embedding=1,server=y,suspend=n,address=127.0.0.1:56052
Begin MonoManager ReloadAssembly
Registering precompiled unity dll's ...
Register platform support module: C:/Program Files/Unity/Hub/Editor/2020.3.0f1/Editor/Data/PlaybackEngines/WindowsStandaloneSupport/UnityEditor.WindowsStandalone.Extensions.dll
Registered in 0.002772 seconds.
Native extension for WindowsStandalone target not found
Refreshing native plugins compatible for Editor in 42.08 ms, found 1 plugins.
Preloading 0 native plugins for Editor in 0.00 ms.
Unable to find bridge dll in registry for Microsoft Visual Studio Tools for Unity for D:\VisualStudio\Common7\IDE\devenv.exe
Invoked RoslynAnalysisRunner static constructor.
RoslynAnalysisRunner will not be running.
RoslynAnalysisRunner has terminated.
Mono: successfully reloaded assembly
- Completed reload, in  1.321 seconds
Platform modules already initialized, skipping
Registering precompiled user dll's ...
Registered in 0.001633 seconds.
Begin MonoManager ReloadAssembly
Native extension for WindowsStandalone target not found
Refreshing native plugins compatible for Editor in 42.45 ms, found 1 plugins.
Preloading 0 native plugins for Editor in 0.00 ms.
Invoked RoslynAnalysisRunner static constructor.
RoslynAnalysisRunner will not be running.
RoslynAnalysisRunner has terminated.
Mono: successfully reloaded assembly
- Completed reload, in  1.152 seconds
Platform modules already initialized, skipping
========================================================================
Worker process is ready to serve import requests
Launched and connected shader compiler UnityShaderCompiler.exe after 0.06 seconds
Refreshing native plugins compatible for Editor in 0.40 ms, found 1 plugins.
Preloading 0 native plugins for Editor in 0.00 ms.
Unloading 1813 Unused Serialized files (Serialized files now loaded: 0)
System memory in use before: 84.9 MB.
System memory in use after: 84.8 MB.

Unloading 24 unused Assets to reduce memory usage. Loaded Objects now: 2255.
Total: 2.608400 ms (FindLiveObjects: 0.253400 ms CreateObjectMapping: 0.054200 ms MarkObjects: 2.141600 ms  DeleteObjects: 0.157400 ms)

========================================================================
Received Import Request.
  path: Assets/Cainos
  artifactKey: Guid(f9a46b34aa4971d41bab9e4cc636ea98) Importer(815301076,1909f56bfc062723c751e8b465ee728b)
Start importing Assets/Cainos using Guid(f9a46b34aa4971d41bab9e4cc636ea98) Importer(815301076,1909f56bfc062723c751e8b465ee728b)  -> (artifact id: '3b094b400fada26cc3552af52a7787fc') in 0.011480 seconds
  Import took 0.015920 seconds .

========================================================================
Received Import Request.
  Time since last request: 0.000551 seconds.
  path: Assets/Cainos/Pixel Art Top Down - Basic
  artifactKey: Guid(16e6903942d9bf94d9dd684620613d02) Importer(815301076,1909f56bfc062723c751e8b465ee728b)
Start importing Assets/Cainos/Pixel Art Top Down - Basic using Guid(16e6903942d9bf94d9dd684620613d02) Importer(815301076,1909f56bfc062723c751e8b465ee728b)  -> (artifact id: '90fc2bbe449b9d3f8ff4aa0941a97234') in 0.007578 seconds
  Import took 0.012012 seconds .

========================================================================
Received Import Request.
  Time since last request: 0.774460 seconds.
  path: Assets/Cainos/Pixel Art Top Down - Basic/Prefab
  artifactKey: Guid(4451b78203ce1474caa69f68067a0221) Importer(815301076,1909f56bfc062723c751e8b465ee728b)
Start importing Assets/Cainos/Pixel Art Top Down - Basic/Prefab using Guid(4451b78203ce1474caa69f68067a0221) Importer(815301076,1909f56bfc062723c751e8b465ee728b)  -> (artifact id: 'e2b8fb6791c2e4183b4cab5dba068f61') in 0.008870 seconds
  Import took 0.015499 seconds .

========================================================================
Received Import Request.
  Time since last request: 0.878913 seconds.
  path: Assets/Cainos/Pixel Art Top Down - Basic/Prefab/Player
  artifactKey: Guid(cfa9631201d3f8048a776a0c31d57a58) Importer(815301076,1909f56bfc062723c751e8b465ee728b)
Start importing Assets/Cainos/Pixel Art Top Down - Basic/Prefab/Player using Guid(cfa9631201d3f8048a776a0c31d57a58) Importer(815301076,1909f56bfc062723c751e8b465ee728b)  -> (artifact id: 'ce5f28a1a6938dc7751c0d0e91f80f64') in 0.012958 seconds
  Import took 0.016912 seconds .

========================================================================
Received Import Request.
  Time since last request: 0.001435 seconds.
  path: Assets/Cainos/Pixel Art Top Down - Basic/Prefab/Player
  artifactKey: Guid(cfa9631201d3f8048a776a0c31d57a58) Importer(815301076,1909f56bfc062723c751e8b465ee728b)
Start importing Assets/Cainos/Pixel Art Top Down - Basic/Prefab/Player using Guid(cfa9631201d3f8048a776a0c31d57a58) Importer(815301076,1909f56bfc062723c751e8b465ee728b)  -> (artifact id: 'ce5f28a1a6938dc7751c0d0e91f80f64') in 0.003882 seconds
  Import took 0.007339 seconds .

========================================================================
Received Import Request.
  Time since last request: 0.066781 seconds.
  path: Assets/Cainos/Pixel Art Top Down - Basic/Prefab/Player/PF Player.prefab
  artifactKey: Guid(ef67ba864d1ecc042b5f4cf48455c0a6) Importer(815301076,1909f56bfc062723c751e8b465ee728b)
Start importing Assets/Cainos/Pixel Art Top Down - Basic/Prefab/Player/PF Player.prefab using Guid(ef67ba864d1ecc042b5f4cf48455c0a6) Importer(815301076,1909f56bfc062723c751e8b465ee728b)  -> (artifact id: 'cf6deb4aa3f04ed638cd4ddfe7def9b1') in 0.247212 seconds
  Import took 0.251062 seconds .

AssetImportWorkerClient::OnTransportError - code=2 error=End of file
